[2024-08-15 09:45:45,975] multiqc                                            [DEBUG  ]  This is MultiQC v1.19
[2024-08-15 09:45:45,995] multiqc                                            [DEBUG  ]  Loading config settings from: multiqc_config.yml
[2024-08-15 09:45:45,995] multiqc                                            [DEBUG  ]  New config: {'report_comment': 'This report has been generated by the <a href="https://github.com/nf-core/rnaseq/releases/tag/3.14.0" target="_blank">nf-core/rnaseq</a> analysis pipeline. For information about how to interpret these results, please see the <a href="https://nf-co.re/rnaseq/3.14.0/docs/output" target="_blank">documentation</a>.\n', 'report_section_order': {'nf-core-rnaseq-methods-description': {'order': -1000}, 'software_versions': {'order': -1001}, 'nf-core-rnaseq-summary': {'order': -1002}}, 'export_plots': True, 'disable_version_detection': True, 'run_modules': ['custom_content', 'fastqc', 'cutadapt', 'fastp', 'sortmerna', 'star', 'hisat2', 'rsem', 'salmon', 'kallisto', 'samtools', 'picard', 'preseq', 'rseqc', 'qualimap'], 'top_modules': ['fail_trimmed_samples', 'fail_mapped_samples', 'fail_strand_check', 'star_rsem_deseq2_pca', 'star_rsem_deseq2_clustering', 'star_salmon_deseq2_pca', 'star_salmon_deseq2_clustering', 'salmon_deseq2_pca', 'salmon_deseq2_clustering', 'biotype_counts', 'dupradar'], 'module_order': [{'fastqc': {'name': 'FastQC (raw)', 'info': 'This section of the report shows FastQC results before adapter trimming.', 'path_filters': ['./fastqc/raw/*.zip']}}, 'cutadapt', 'fastp', {'fastqc': {'name': 'FastQC (trimmed)', 'info': 'This section of the report shows FastQC results after adapter trimming.', 'path_filters': ['./fastqc/trim/*.zip']}}], 'table_columns_visible': {'fastqc': {'percent_duplicates': False}}, 'custom_data': {'fail_trimmed_samples': {'section_name': 'WARNING: Fail Trimming Check', 'description': "List of samples that failed the minimum trimmed reads threshold specified via the '--min_trimmed_reads' parameter, and hence were ignored for the downstream processing steps.", 'plot_type': 'table', 'pconfig': {'id': 'fail_trimmed_samples_table', 'table_title': 'Samples failed trimming threshold', 'namespace': 'Samples failed trimming threshold', 'format': '{:.0f}'}}, 'fail_mapped_samples': {'section_name': 'WARNING: Fail Alignment Check', 'description': "List of samples that failed the STAR minimum mapped reads threshold specified via the '--min_mapped_reads' parameter, and hence were ignored for the downstream processing steps.", 'plot_type': 'table', 'pconfig': {'id': 'fail_mapped_samples_table', 'table_title': 'Samples failed mapping threshold', 'namespace': 'Samples failed mapping threshold', 'format': '{:.2f}'}}, 'fail_strand_check': {'section_name': 'WARNING: Fail Strand Check', 'description': "List of samples that failed the strandedness check between that provided in the samplesheet and calculated by the <a href='http://rseqc.sourceforge.net/#infer-experiment-py'>RSeQC infer_experiment.py</a> tool.", 'plot_type': 'table', 'pconfig': {'id': 'fail_strand_check_table', 'table_title': 'Samples failed strandedness check', 'namespace': 'Samples failed strandedness check', 'format': '{:.2f}'}}}}
[2024-08-15 09:45:45,995] multiqc                                            [DEBUG  ]  Added to filename patterns: [{'cutadapt': {'fn': '*trimming_report.txt'}, 'fastp': {'fn': '*.fastp.json'}, 'sortmerna': {'fn': '*.sortmerna.log'}, 'hisat2': {'fn': '*.hisat2.summary.log'}, 'salmon/meta': {'fn': 'meta_info.json'}, 'preseq': {'fn': '*.lc_extrap.txt'}, 'samtools/stats': {'fn': '*.stats'}, 'samtools/flagstat': {'fn': '*.flagstat'}, 'samtools/idxstats': {'fn': '*.idxstats*'}, 'rseqc/bam_stat': {'fn': '*.bam_stat.txt'}, 'rseqc/gene_body_coverage': {'skip': True}, 'rseqc/junction_annotation': {'fn': '*.junction_annotation.log'}, 'rseqc/read_gc': {'skip': True}, 'rseqc/read_distribution': {'fn': '*.read_distribution.txt'}, 'rseqc/infer_experiment': {'fn': '*.infer_experiment.txt'}, 'rseqc/tin': {'fn': '*.summary.txt'}, 'picard/markdups': {'fn': '*.MarkDuplicates.metrics.txt'}, 'picard/alignment_metrics': {'skip': True}, 'picard/basedistributionbycycle': {'skip': True}, 'picard/gcbias': {'skip': True}, 'picard/hsmetrics': {'skip': True}, 'picard/insertsize': {'skip': True}, 'picard/oxogmetrics': {'skip': True}, 'picard/pcr_metrics': {'skip': True}, 'picard/quality_by_cycle': {'skip': True}, 'picard/quality_score_distribution': {'skip': True}, 'picard/quality_yield_metrics': {'skip': True}, 'picard/rnaseqmetrics': {'skip': True}, 'picard/rrbs_metrics': {'skip': True}, 'picard/sam_file_validation': {'skip': True}, 'picard/variant_calling_metrics': {'skip': True}, 'picard/wgs_metrics': {'skip': True}}]
[2024-08-15 09:45:45,995] multiqc                                            [DEBUG  ]  Added to filename clean extensions: [['.umi_dedup', '_val', '.markdup', '_primary']]
[2024-08-15 09:45:45,995] multiqc                                            [DEBUG  ]  Command used: /usr/local/bin/multiqc -n multiqc_report.html -f .
[2024-08-15 09:45:46,564] multiqc                                            [WARNING]  MultiQC Version v1.23 now available!
[2024-08-15 09:45:46,566] multiqc                                            [DEBUG  ]  Working dir : /scratch/12109805/nxf.HgsSArNZRN
[2024-08-15 09:45:46,566] multiqc                                            [DEBUG  ]  Template    : default
[2024-08-15 09:45:46,566] multiqc                                            [DEBUG  ]  Running Python 3.11.7 | packaged by conda-forge | (main, Dec 15 2023, 08:38:37) [GCC 12.3.0]
[2024-08-15 09:45:46,567] multiqc                                            [INFO   ]  Only using modules: custom_content, fastqc, cutadapt, fastp, sortmerna, star, hisat2, rsem, salmon, kallisto, samtools, picard, preseq, rseqc, qualimap
[2024-08-15 09:45:46,567] multiqc                                            [DEBUG  ]  Analysing modules: custom_content, hisat2, kallisto, picard, preseq, qualimap, rsem, rseqc, salmon, samtools, sortmerna, star, fastqc, cutadapt, fastp, fastqc
[2024-08-15 09:45:46,568] multiqc                                            [DEBUG  ]  Using temporary directory for creating report: /scratch/12109805/tmp0oq2akq0
[2024-08-15 09:45:46,583] multiqc                                            [INFO   ]  Search path : /scratch/12109805/nxf.HgsSArNZRN
[2024-08-15 09:45:46,587] multiqc                                            [DEBUG  ]  Ignored 256 search patterns as didn't match running modules.
[2024-08-15 09:45:46,587] multiqc                                            [INFO   ]  Skipping 17 file search patterns
[2024-08-15 09:45:46,587] multiqc                                            [DEBUG  ]  Skipping search patterns: picard/alignment_metrics, picard/basedistributionbycycle, picard/gcbias, picard/hsmetrics, picard/insertsize, picard/oxogmetrics, picard/pcr_metrics, picard/quality_by_cycle, picard/quality_score_distribution, picard/quality_yield_metrics, picard/rnaseqmetrics, picard/rrbs_metrics, picard/sam_file_validation, picard/variant_calling_metrics, picard/wgs_metrics, rseqc/gene_body_coverage, rseqc/read_gc
[2024-08-15 09:45:47,699] multiqc                                            [DEBUG  ]  Summary of files that were skipped by the search: [skipped_no_match: 516]
[2024-08-15 09:45:49,518] multiqc.plots.bargraph                             [DEBUG  ]  Using matplotlib version 3.8.2
[2024-08-15 09:45:49,531] multiqc.plots.linegraph                            [DEBUG  ]  Using matplotlib version 3.8.2
[2024-08-15 09:45:50,253] multiqc.modules.custom_content.custom_content      [INFO   ]  fail_strand_check: Found 2 samples (table)
[2024-08-15 09:45:50,254] multiqc.modules.custom_content.custom_content      [INFO   ]  nf-core-rnaseq-methods-description: Found 1 sample (html)
[2024-08-15 09:45:50,254] multiqc.modules.custom_content.custom_content      [INFO   ]  nf-core-rnaseq-summary: Found 1 sample (html)
[2024-08-15 09:45:50,255] multiqc.modules.custom_content.custom_content      [INFO   ]  software_versions: Found 1 sample (html)
[2024-08-15 09:45:54,875] multiqc.modules.custom_content.custom_content      [INFO   ]  dupradar: Found 16 samples (linegraph)
[2024-08-15 09:45:54,875] multiqc.modules.custom_content.custom_content      [INFO   ]  DupInt: Found 16 General Statistics columns
[2024-08-15 09:45:54,875] multiqc.modules.custom_content.custom_content      [INFO   ]  biotype-gs: Found 16 General Statistics columns
[2024-08-15 09:45:57,937] multiqc.modules.custom_content.custom_content      [INFO   ]  biotype_counts: Found 16 samples (bargraph)
[2024-08-15 09:45:57,937] multiqc                                            [DEBUG  ]  multiqc_star_salmon_deseq2_clustering-plot could not be saved as tsv/csv. Falling back to YAML.
[2024-08-15 09:45:57,941] multiqc.modules.custom_content.custom_content      [INFO   ]  star_salmon_deseq2_clustering: Found 16 samples (heatmap)
[2024-08-15 09:45:57,942] multiqc.modules.custom_content.custom_content      [INFO   ]  star_salmon_deseq2_pca: Found 16 samples (scatter)
[2024-08-15 09:45:59,206] multiqc.modules.picard.picard                      [INFO   ]  Found 16 MarkDuplicates reports
[2024-08-15 09:46:01,139] multiqc.modules.qualimap.qualimap                  [INFO   ]  Found 16 RNASeq reports
[2024-08-15 09:46:02,717] multiqc.modules.rseqc.rseqc                        [INFO   ]  Found 16 read_distribution reports
[2024-08-15 09:46:03,862] multiqc.modules.rseqc.rseqc                        [INFO   ]  Found 16 inner_distance reports
[2024-08-15 09:46:05,103] multiqc.modules.rseqc.rseqc                        [INFO   ]  Found 16 read_duplication reports
[2024-08-15 09:46:07,616] multiqc.modules.rseqc.rseqc                        [INFO   ]  Found 16 junction_annotation reports
[2024-08-15 09:46:09,206] multiqc.modules.rseqc.rseqc                        [INFO   ]  Found 16 junction_saturation reports
[2024-08-15 09:46:09,892] multiqc.modules.rseqc.rseqc                        [INFO   ]  Found 16 infer_experiment reports
[2024-08-15 09:46:09,974] multiqc.modules.rseqc.rseqc                        [INFO   ]  Found 16 bam_stat reports
[2024-08-15 09:46:11,130] multiqc.modules.samtools.samtools                  [INFO   ]  Found 16 stats reports
[2024-08-15 09:46:11,145] multiqc.modules.samtools.samtools                  [INFO   ]  Found 16 flagstat reports
[2024-08-15 09:46:14,374] multiqc.modules.samtools.samtools                  [INFO   ]  Found 16 idxstats reports
[2024-08-15 09:46:14,418] multiqc.modules.star.star                          [INFO   ]  Found 16 reports
[2024-08-15 09:46:15,790] multiqc.modules.base_module                        [DEBUG  ]  fastqc/zip - Skipping './fastqc/trim/SNI_oxy_3_1_val_1_fastqc.zip' as it didn't match the path_filters for 'FastQC (raw)'
[2024-08-15 09:46:15,790] multiqc.modules.base_module                        [DEBUG  ]  fastqc/zip - Skipping './fastqc/trim/SNI_oxy_4_2_val_2_fastqc.zip' as it didn't match the path_filters for 'FastQC (raw)'
[2024-08-15 09:46:15,790] multiqc.modules.base_module                        [DEBUG  ]  fastqc/zip - Skipping './fastqc/trim/SNI_Sal_1_2_val_2_fastqc.zip' as it didn't match the path_filters for 'FastQC (raw)'
[2024-08-15 09:46:15,790] multiqc.modules.base_module                        [DEBUG  ]  fastqc/zip - Skipping './fastqc/trim/SNI_Sal_4_2_val_2_fastqc.zip' as it didn't match the path_filters for 'FastQC (raw)'
[2024-08-15 09:46:15,790] multiqc.modules.base_module                        [DEBUG  ]  fastqc/zip - Skipping './fastqc/trim/Sham_Sal_3_2_val_2_fastqc.zip' as it didn't match the path_filters for 'FastQC (raw)'
[2024-08-15 09:46:15,790] multiqc.modules.base_module                        [DEBUG  ]  fastqc/zip - Skipping './fastqc/trim/Sham_oxy_2_1_val_1_fastqc.zip' as it didn't match the path_filters for 'FastQC (raw)'
[2024-08-15 09:46:15,790] multiqc.modules.base_module                        [DEBUG  ]  fastqc/zip - Skipping './fastqc/trim/SNI_Sal_3_1_val_1_fastqc.zip' as it didn't match the path_filters for 'FastQC (raw)'
[2024-08-15 09:46:15,790] multiqc.modules.base_module                        [DEBUG  ]  fastqc/zip - Skipping './fastqc/trim/Sham_Sal_4_1_val_1_fastqc.zip' as it didn't match the path_filters for 'FastQC (raw)'
[2024-08-15 09:46:15,790] multiqc.modules.base_module                        [DEBUG  ]  fastqc/zip - Skipping './fastqc/trim/Sham_Sal_2_1_val_1_fastqc.zip' as it didn't match the path_filters for 'FastQC (raw)'
[2024-08-15 09:46:15,790] multiqc.modules.base_module                        [DEBUG  ]  fastqc/zip - Skipping './fastqc/trim/SNI_Sal_3_2_val_2_fastqc.zip' as it didn't match the path_filters for 'FastQC (raw)'
[2024-08-15 09:46:15,790] multiqc.modules.base_module                        [DEBUG  ]  fastqc/zip - Skipping './fastqc/trim/SNI_Sal_2_2_val_2_fastqc.zip' as it didn't match the path_filters for 'FastQC (raw)'
[2024-08-15 09:46:15,790] multiqc.modules.base_module                        [DEBUG  ]  fastqc/zip - Skipping './fastqc/trim/Sham_oxy_4_1_val_1_fastqc.zip' as it didn't match the path_filters for 'FastQC (raw)'
[2024-08-15 09:46:15,790] multiqc.modules.base_module                        [DEBUG  ]  fastqc/zip - Skipping './fastqc/trim/Sham_oxy_1_1_val_1_fastqc.zip' as it didn't match the path_filters for 'FastQC (raw)'
[2024-08-15 09:46:15,790] multiqc.modules.base_module                        [DEBUG  ]  fastqc/zip - Skipping './fastqc/trim/Sham_oxy_3_2_val_2_fastqc.zip' as it didn't match the path_filters for 'FastQC (raw)'
[2024-08-15 09:46:15,790] multiqc.modules.base_module                        [DEBUG  ]  fastqc/zip - Skipping './fastqc/trim/Sham_oxy_2_2_val_2_fastqc.zip' as it didn't match the path_filters for 'FastQC (raw)'
[2024-08-15 09:46:15,790] multiqc.modules.base_module                        [DEBUG  ]  fastqc/zip - Skipping './fastqc/trim/Sham_oxy_1_2_val_2_fastqc.zip' as it didn't match the path_filters for 'FastQC (raw)'
[2024-08-15 09:46:15,790] multiqc.modules.base_module                        [DEBUG  ]  fastqc/zip - Skipping './fastqc/trim/Sham_oxy_4_2_val_2_fastqc.zip' as it didn't match the path_filters for 'FastQC (raw)'
[2024-08-15 09:46:15,790] multiqc.modules.base_module                        [DEBUG  ]  fastqc/zip - Skipping './fastqc/trim/Sham_Sal_4_2_val_2_fastqc.zip' as it didn't match the path_filters for 'FastQC (raw)'
[2024-08-15 09:46:15,790] multiqc.modules.base_module                        [DEBUG  ]  fastqc/zip - Skipping './fastqc/trim/Sham_oxy_3_1_val_1_fastqc.zip' as it didn't match the path_filters for 'FastQC (raw)'
[2024-08-15 09:46:15,790] multiqc.modules.base_module                        [DEBUG  ]  fastqc/zip - Skipping './fastqc/trim/SNI_Sal_2_1_val_1_fastqc.zip' as it didn't match the path_filters for 'FastQC (raw)'
[2024-08-15 09:46:15,790] multiqc.modules.base_module                        [DEBUG  ]  fastqc/zip - Skipping './fastqc/trim/SNI_Sal_1_1_val_1_fastqc.zip' as it didn't match the path_filters for 'FastQC (raw)'
[2024-08-15 09:46:15,790] multiqc.modules.base_module                        [DEBUG  ]  fastqc/zip - Skipping './fastqc/trim/SNI_Sal_4_1_val_1_fastqc.zip' as it didn't match the path_filters for 'FastQC (raw)'
[2024-08-15 09:46:15,790] multiqc.modules.base_module                        [DEBUG  ]  fastqc/zip - Skipping './fastqc/trim/Sham_Sal_3_1_val_1_fastqc.zip' as it didn't match the path_filters for 'FastQC (raw)'
[2024-08-15 09:46:15,790] multiqc.modules.base_module                        [DEBUG  ]  fastqc/zip - Skipping './fastqc/trim/Sham_Sal_1_1_val_1_fastqc.zip' as it didn't match the path_filters for 'FastQC (raw)'
[2024-08-15 09:46:15,790] multiqc.modules.base_module                        [DEBUG  ]  fastqc/zip - Skipping './fastqc/trim/SNI_oxy_2_2_val_2_fastqc.zip' as it didn't match the path_filters for 'FastQC (raw)'
[2024-08-15 09:46:15,790] multiqc.modules.base_module                        [DEBUG  ]  fastqc/zip - Skipping './fastqc/trim/SNI_oxy_1_1_val_1_fastqc.zip' as it didn't match the path_filters for 'FastQC (raw)'
[2024-08-15 09:46:15,790] multiqc.modules.base_module                        [DEBUG  ]  fastqc/zip - Skipping './fastqc/trim/Sham_Sal_1_2_val_2_fastqc.zip' as it didn't match the path_filters for 'FastQC (raw)'
[2024-08-15 09:46:15,790] multiqc.modules.base_module                        [DEBUG  ]  fastqc/zip - Skipping './fastqc/trim/Sham_Sal_2_2_val_2_fastqc.zip' as it didn't match the path_filters for 'FastQC (raw)'
[2024-08-15 09:46:15,790] multiqc.modules.base_module                        [DEBUG  ]  fastqc/zip - Skipping './fastqc/trim/SNI_oxy_1_2_val_2_fastqc.zip' as it didn't match the path_filters for 'FastQC (raw)'
[2024-08-15 09:46:15,790] multiqc.modules.base_module                        [DEBUG  ]  fastqc/zip - Skipping './fastqc/trim/SNI_oxy_2_1_val_1_fastqc.zip' as it didn't match the path_filters for 'FastQC (raw)'
[2024-08-15 09:46:15,790] multiqc.modules.base_module                        [DEBUG  ]  fastqc/zip - Skipping './fastqc/trim/SNI_oxy_4_1_val_1_fastqc.zip' as it didn't match the path_filters for 'FastQC (raw)'
[2024-08-15 09:46:15,790] multiqc.modules.base_module                        [DEBUG  ]  fastqc/zip - Skipping './fastqc/trim/SNI_oxy_3_2_val_2_fastqc.zip' as it didn't match the path_filters for 'FastQC (raw)'
[2024-08-15 09:46:15,790] multiqc.modules.base_module                        [DEBUG  ]  fastqc/zip - Selecting './fastqc/raw/SNI_Sal_4_2_fastqc.zip' as it matched the path_filters for 'FastQC (raw)'
[2024-08-15 09:46:15,836] multiqc.modules.base_module                        [DEBUG  ]  fastqc/zip - Selecting './fastqc/raw/Sham_oxy_1_1_fastqc.zip' as it matched the path_filters for 'FastQC (raw)'
[2024-08-15 09:46:15,900] multiqc.modules.base_module                        [DEBUG  ]  fastqc/zip - Selecting './fastqc/raw/Sham_oxy_1_2_fastqc.zip' as it matched the path_filters for 'FastQC (raw)'
[2024-08-15 09:46:15,982] multiqc.modules.base_module                        [DEBUG  ]  fastqc/zip - Selecting './fastqc/raw/SNI_Sal_2_2_fastqc.zip' as it matched the path_filters for 'FastQC (raw)'
[2024-08-15 09:46:16,152] multiqc.modules.base_module                        [DEBUG  ]  fastqc/zip - Selecting './fastqc/raw/Sham_oxy_3_1_fastqc.zip' as it matched the path_filters for 'FastQC (raw)'
[2024-08-15 09:46:16,213] multiqc.modules.base_module                        [DEBUG  ]  fastqc/zip - Selecting './fastqc/raw/SNI_Sal_4_1_fastqc.zip' as it matched the path_filters for 'FastQC (raw)'
[2024-08-15 09:46:16,285] multiqc.modules.base_module                        [DEBUG  ]  fastqc/zip - Selecting './fastqc/raw/Sham_oxy_2_1_fastqc.zip' as it matched the path_filters for 'FastQC (raw)'
[2024-08-15 09:46:16,390] multiqc.modules.base_module                        [DEBUG  ]  fastqc/zip - Selecting './fastqc/raw/SNI_oxy_4_1_fastqc.zip' as it matched the path_filters for 'FastQC (raw)'
[2024-08-15 09:46:16,445] multiqc.modules.base_module                        [DEBUG  ]  fastqc/zip - Selecting './fastqc/raw/Sham_oxy_4_2_fastqc.zip' as it matched the path_filters for 'FastQC (raw)'
[2024-08-15 09:46:16,530] multiqc.modules.base_module                        [DEBUG  ]  fastqc/zip - Selecting './fastqc/raw/SNI_oxy_2_2_fastqc.zip' as it matched the path_filters for 'FastQC (raw)'
[2024-08-15 09:46:16,604] multiqc.modules.base_module                        [DEBUG  ]  fastqc/zip - Selecting './fastqc/raw/SNI_Sal_3_2_fastqc.zip' as it matched the path_filters for 'FastQC (raw)'
[2024-08-15 09:46:16,689] multiqc.modules.base_module                        [DEBUG  ]  fastqc/zip - Selecting './fastqc/raw/Sham_Sal_2_2_fastqc.zip' as it matched the path_filters for 'FastQC (raw)'
[2024-08-15 09:46:16,893] multiqc.modules.base_module                        [DEBUG  ]  fastqc/zip - Selecting './fastqc/raw/Sham_oxy_4_1_fastqc.zip' as it matched the path_filters for 'FastQC (raw)'
[2024-08-15 09:46:16,954] multiqc.modules.base_module                        [DEBUG  ]  fastqc/zip - Selecting './fastqc/raw/SNI_Sal_1_1_fastqc.zip' as it matched the path_filters for 'FastQC (raw)'
[2024-08-15 09:46:17,008] multiqc.modules.base_module                        [DEBUG  ]  fastqc/zip - Selecting './fastqc/raw/SNI_oxy_1_2_fastqc.zip' as it matched the path_filters for 'FastQC (raw)'
[2024-08-15 09:46:17,060] multiqc.modules.base_module                        [DEBUG  ]  fastqc/zip - Selecting './fastqc/raw/SNI_Sal_2_1_fastqc.zip' as it matched the path_filters for 'FastQC (raw)'
[2024-08-15 09:46:17,110] multiqc.modules.base_module                        [DEBUG  ]  fastqc/zip - Selecting './fastqc/raw/SNI_oxy_2_1_fastqc.zip' as it matched the path_filters for 'FastQC (raw)'
[2024-08-15 09:46:17,146] multiqc.modules.base_module                        [DEBUG  ]  fastqc/zip - Selecting './fastqc/raw/Sham_Sal_4_1_fastqc.zip' as it matched the path_filters for 'FastQC (raw)'
[2024-08-15 09:46:17,203] multiqc.modules.base_module                        [DEBUG  ]  fastqc/zip - Selecting './fastqc/raw/Sham_Sal_3_1_fastqc.zip' as it matched the path_filters for 'FastQC (raw)'
[2024-08-15 09:46:17,269] multiqc.modules.base_module                        [DEBUG  ]  fastqc/zip - Selecting './fastqc/raw/SNI_oxy_3_1_fastqc.zip' as it matched the path_filters for 'FastQC (raw)'
[2024-08-15 09:46:17,307] multiqc.modules.base_module                        [DEBUG  ]  fastqc/zip - Selecting './fastqc/raw/Sham_oxy_3_2_fastqc.zip' as it matched the path_filters for 'FastQC (raw)'
[2024-08-15 09:46:17,363] multiqc.modules.base_module                        [DEBUG  ]  fastqc/zip - Selecting './fastqc/raw/Sham_oxy_2_2_fastqc.zip' as it matched the path_filters for 'FastQC (raw)'
[2024-08-15 09:46:17,409] multiqc.modules.base_module                        [DEBUG  ]  fastqc/zip - Selecting './fastqc/raw/SNI_oxy_1_1_fastqc.zip' as it matched the path_filters for 'FastQC (raw)'
[2024-08-15 09:46:17,460] multiqc.modules.base_module                        [DEBUG  ]  fastqc/zip - Selecting './fastqc/raw/Sham_Sal_3_2_fastqc.zip' as it matched the path_filters for 'FastQC (raw)'
[2024-08-15 09:46:17,534] multiqc.modules.base_module                        [DEBUG  ]  fastqc/zip - Selecting './fastqc/raw/Sham_Sal_1_2_fastqc.zip' as it matched the path_filters for 'FastQC (raw)'
[2024-08-15 09:46:17,579] multiqc.modules.base_module                        [DEBUG  ]  fastqc/zip - Selecting './fastqc/raw/SNI_oxy_3_2_fastqc.zip' as it matched the path_filters for 'FastQC (raw)'
[2024-08-15 09:46:17,663] multiqc.modules.base_module                        [DEBUG  ]  fastqc/zip - Selecting './fastqc/raw/Sham_Sal_1_1_fastqc.zip' as it matched the path_filters for 'FastQC (raw)'
[2024-08-15 09:46:17,751] multiqc.modules.base_module                        [DEBUG  ]  fastqc/zip - Selecting './fastqc/raw/Sham_Sal_2_1_fastqc.zip' as it matched the path_filters for 'FastQC (raw)'
[2024-08-15 09:46:17,908] multiqc.modules.base_module                        [DEBUG  ]  fastqc/zip - Selecting './fastqc/raw/SNI_Sal_3_1_fastqc.zip' as it matched the path_filters for 'FastQC (raw)'
[2024-08-15 09:46:17,985] multiqc.modules.base_module                        [DEBUG  ]  fastqc/zip - Selecting './fastqc/raw/Sham_Sal_4_2_fastqc.zip' as it matched the path_filters for 'FastQC (raw)'
[2024-08-15 09:46:18,057] multiqc.modules.base_module                        [DEBUG  ]  fastqc/zip - Selecting './fastqc/raw/SNI_Sal_1_2_fastqc.zip' as it matched the path_filters for 'FastQC (raw)'
[2024-08-15 09:46:18,113] multiqc.modules.base_module                        [DEBUG  ]  fastqc/zip - Selecting './fastqc/raw/SNI_oxy_4_2_fastqc.zip' as it matched the path_filters for 'FastQC (raw)'
[2024-08-15 09:46:18,167] multiqc.modules.fastqc.fastqc                      [INFO   ]  Found 32 reports
[2024-08-15 09:46:25,270] multiqc.modules.cutadapt.cutadapt                  [INFO   ]  Found 32 reports
[2024-08-15 09:46:27,841] multiqc.modules.base_module                        [DEBUG  ]  fastqc/zip - Selecting './fastqc/trim/SNI_oxy_3_1_val_1_fastqc.zip' as it matched the path_filters for 'FastQC (trimmed)'
[2024-08-15 09:46:27,898] multiqc.modules.base_module                        [DEBUG  ]  fastqc/zip - Selecting './fastqc/trim/SNI_oxy_4_2_val_2_fastqc.zip' as it matched the path_filters for 'FastQC (trimmed)'
[2024-08-15 09:46:27,955] multiqc.modules.base_module                        [DEBUG  ]  fastqc/zip - Selecting './fastqc/trim/SNI_Sal_1_2_val_2_fastqc.zip' as it matched the path_filters for 'FastQC (trimmed)'
[2024-08-15 09:46:28,012] multiqc.modules.base_module                        [DEBUG  ]  fastqc/zip - Selecting './fastqc/trim/SNI_Sal_4_2_val_2_fastqc.zip' as it matched the path_filters for 'FastQC (trimmed)'
[2024-08-15 09:46:28,060] multiqc.modules.base_module                        [DEBUG  ]  fastqc/zip - Selecting './fastqc/trim/Sham_Sal_3_2_val_2_fastqc.zip' as it matched the path_filters for 'FastQC (trimmed)'
[2024-08-15 09:46:28,108] multiqc.modules.base_module                        [DEBUG  ]  fastqc/zip - Selecting './fastqc/trim/Sham_oxy_2_1_val_1_fastqc.zip' as it matched the path_filters for 'FastQC (trimmed)'
[2024-08-15 09:46:28,165] multiqc.modules.base_module                        [DEBUG  ]  fastqc/zip - Selecting './fastqc/trim/SNI_Sal_3_1_val_1_fastqc.zip' as it matched the path_filters for 'FastQC (trimmed)'
[2024-08-15 09:46:28,230] multiqc.modules.base_module                        [DEBUG  ]  fastqc/zip - Selecting './fastqc/trim/Sham_Sal_4_1_val_1_fastqc.zip' as it matched the path_filters for 'FastQC (trimmed)'
[2024-08-15 09:46:28,275] multiqc.modules.base_module                        [DEBUG  ]  fastqc/zip - Selecting './fastqc/trim/Sham_Sal_2_1_val_1_fastqc.zip' as it matched the path_filters for 'FastQC (trimmed)'
[2024-08-15 09:46:28,359] multiqc.modules.base_module                        [DEBUG  ]  fastqc/zip - Selecting './fastqc/trim/SNI_Sal_3_2_val_2_fastqc.zip' as it matched the path_filters for 'FastQC (trimmed)'
[2024-08-15 09:46:28,404] multiqc.modules.base_module                        [DEBUG  ]  fastqc/zip - Selecting './fastqc/trim/SNI_Sal_2_2_val_2_fastqc.zip' as it matched the path_filters for 'FastQC (trimmed)'
[2024-08-15 09:46:28,554] multiqc.modules.base_module                        [DEBUG  ]  fastqc/zip - Selecting './fastqc/trim/Sham_oxy_4_1_val_1_fastqc.zip' as it matched the path_filters for 'FastQC (trimmed)'
[2024-08-15 09:46:28,609] multiqc.modules.base_module                        [DEBUG  ]  fastqc/zip - Selecting './fastqc/trim/Sham_oxy_1_1_val_1_fastqc.zip' as it matched the path_filters for 'FastQC (trimmed)'
[2024-08-15 09:46:28,658] multiqc.modules.base_module                        [DEBUG  ]  fastqc/zip - Selecting './fastqc/trim/Sham_oxy_3_2_val_2_fastqc.zip' as it matched the path_filters for 'FastQC (trimmed)'
[2024-08-15 09:46:28,714] multiqc.modules.base_module                        [DEBUG  ]  fastqc/zip - Selecting './fastqc/trim/Sham_oxy_2_2_val_2_fastqc.zip' as it matched the path_filters for 'FastQC (trimmed)'
[2024-08-15 09:46:28,764] multiqc.modules.base_module                        [DEBUG  ]  fastqc/zip - Selecting './fastqc/trim/Sham_oxy_1_2_val_2_fastqc.zip' as it matched the path_filters for 'FastQC (trimmed)'
[2024-08-15 09:46:28,813] multiqc.modules.base_module                        [DEBUG  ]  fastqc/zip - Selecting './fastqc/trim/Sham_oxy_4_2_val_2_fastqc.zip' as it matched the path_filters for 'FastQC (trimmed)'
[2024-08-15 09:46:28,873] multiqc.modules.base_module                        [DEBUG  ]  fastqc/zip - Selecting './fastqc/trim/Sham_Sal_4_2_val_2_fastqc.zip' as it matched the path_filters for 'FastQC (trimmed)'
[2024-08-15 09:46:28,920] multiqc.modules.base_module                        [DEBUG  ]  fastqc/zip - Selecting './fastqc/trim/Sham_oxy_3_1_val_1_fastqc.zip' as it matched the path_filters for 'FastQC (trimmed)'
[2024-08-15 09:46:29,075] multiqc.modules.base_module                        [DEBUG  ]  fastqc/zip - Selecting './fastqc/trim/SNI_Sal_2_1_val_1_fastqc.zip' as it matched the path_filters for 'FastQC (trimmed)'
[2024-08-15 09:46:29,116] multiqc.modules.base_module                        [DEBUG  ]  fastqc/zip - Selecting './fastqc/trim/SNI_Sal_1_1_val_1_fastqc.zip' as it matched the path_filters for 'FastQC (trimmed)'
[2024-08-15 09:46:29,175] multiqc.modules.base_module                        [DEBUG  ]  fastqc/zip - Selecting './fastqc/trim/SNI_Sal_4_1_val_1_fastqc.zip' as it matched the path_filters for 'FastQC (trimmed)'
[2024-08-15 09:46:29,225] multiqc.modules.base_module                        [DEBUG  ]  fastqc/zip - Selecting './fastqc/trim/Sham_Sal_3_1_val_1_fastqc.zip' as it matched the path_filters for 'FastQC (trimmed)'
[2024-08-15 09:46:29,273] multiqc.modules.base_module                        [DEBUG  ]  fastqc/zip - Selecting './fastqc/trim/Sham_Sal_1_1_val_1_fastqc.zip' as it matched the path_filters for 'FastQC (trimmed)'
[2024-08-15 09:46:29,314] multiqc.modules.base_module                        [DEBUG  ]  fastqc/zip - Selecting './fastqc/trim/SNI_oxy_2_2_val_2_fastqc.zip' as it matched the path_filters for 'FastQC (trimmed)'
[2024-08-15 09:46:29,376] multiqc.modules.base_module                        [DEBUG  ]  fastqc/zip - Selecting './fastqc/trim/SNI_oxy_1_1_val_1_fastqc.zip' as it matched the path_filters for 'FastQC (trimmed)'
[2024-08-15 09:46:29,427] multiqc.modules.base_module                        [DEBUG  ]  fastqc/zip - Selecting './fastqc/trim/Sham_Sal_1_2_val_2_fastqc.zip' as it matched the path_filters for 'FastQC (trimmed)'
[2024-08-15 09:46:29,470] multiqc.modules.base_module                        [DEBUG  ]  fastqc/zip - Selecting './fastqc/trim/Sham_Sal_2_2_val_2_fastqc.zip' as it matched the path_filters for 'FastQC (trimmed)'
[2024-08-15 09:46:29,627] multiqc.modules.base_module                        [DEBUG  ]  fastqc/zip - Selecting './fastqc/trim/SNI_oxy_1_2_val_2_fastqc.zip' as it matched the path_filters for 'FastQC (trimmed)'
[2024-08-15 09:46:29,772] multiqc.modules.base_module                        [DEBUG  ]  fastqc/zip - Selecting './fastqc/trim/SNI_oxy_2_1_val_1_fastqc.zip' as it matched the path_filters for 'FastQC (trimmed)'
[2024-08-15 09:46:29,840] multiqc.modules.base_module                        [DEBUG  ]  fastqc/zip - Selecting './fastqc/trim/SNI_oxy_4_1_val_1_fastqc.zip' as it matched the path_filters for 'FastQC (trimmed)'
[2024-08-15 09:46:29,888] multiqc.modules.base_module                        [DEBUG  ]  fastqc/zip - Selecting './fastqc/trim/SNI_oxy_3_2_val_2_fastqc.zip' as it matched the path_filters for 'FastQC (trimmed)'
[2024-08-15 09:46:29,934] multiqc.modules.base_module                        [DEBUG  ]  fastqc/zip - Skipping './fastqc/raw/SNI_Sal_4_2_fastqc.zip' as it didn't match the path_filters for 'FastQC (trimmed)'
[2024-08-15 09:46:29,934] multiqc.modules.base_module                        [DEBUG  ]  fastqc/zip - Skipping './fastqc/raw/Sham_oxy_1_1_fastqc.zip' as it didn't match the path_filters for 'FastQC (trimmed)'
[2024-08-15 09:46:29,934] multiqc.modules.base_module                        [DEBUG  ]  fastqc/zip - Skipping './fastqc/raw/Sham_oxy_1_2_fastqc.zip' as it didn't match the path_filters for 'FastQC (trimmed)'
[2024-08-15 09:46:29,934] multiqc.modules.base_module                        [DEBUG  ]  fastqc/zip - Skipping './fastqc/raw/SNI_Sal_2_2_fastqc.zip' as it didn't match the path_filters for 'FastQC (trimmed)'
[2024-08-15 09:46:29,934] multiqc.modules.base_module                        [DEBUG  ]  fastqc/zip - Skipping './fastqc/raw/Sham_oxy_3_1_fastqc.zip' as it didn't match the path_filters for 'FastQC (trimmed)'
[2024-08-15 09:46:29,934] multiqc.modules.base_module                        [DEBUG  ]  fastqc/zip - Skipping './fastqc/raw/SNI_Sal_4_1_fastqc.zip' as it didn't match the path_filters for 'FastQC (trimmed)'
[2024-08-15 09:46:29,934] multiqc.modules.base_module                        [DEBUG  ]  fastqc/zip - Skipping './fastqc/raw/Sham_oxy_2_1_fastqc.zip' as it didn't match the path_filters for 'FastQC (trimmed)'
[2024-08-15 09:46:29,934] multiqc.modules.base_module                        [DEBUG  ]  fastqc/zip - Skipping './fastqc/raw/SNI_oxy_4_1_fastqc.zip' as it didn't match the path_filters for 'FastQC (trimmed)'
[2024-08-15 09:46:29,934] multiqc.modules.base_module                        [DEBUG  ]  fastqc/zip - Skipping './fastqc/raw/Sham_oxy_4_2_fastqc.zip' as it didn't match the path_filters for 'FastQC (trimmed)'
[2024-08-15 09:46:29,934] multiqc.modules.base_module                        [DEBUG  ]  fastqc/zip - Skipping './fastqc/raw/SNI_oxy_2_2_fastqc.zip' as it didn't match the path_filters for 'FastQC (trimmed)'
[2024-08-15 09:46:29,935] multiqc.modules.base_module                        [DEBUG  ]  fastqc/zip - Skipping './fastqc/raw/SNI_Sal_3_2_fastqc.zip' as it didn't match the path_filters for 'FastQC (trimmed)'
[2024-08-15 09:46:29,935] multiqc.modules.base_module                        [DEBUG  ]  fastqc/zip - Skipping './fastqc/raw/Sham_Sal_2_2_fastqc.zip' as it didn't match the path_filters for 'FastQC (trimmed)'
[2024-08-15 09:46:29,935] multiqc.modules.base_module                        [DEBUG  ]  fastqc/zip - Skipping './fastqc/raw/Sham_oxy_4_1_fastqc.zip' as it didn't match the path_filters for 'FastQC (trimmed)'
[2024-08-15 09:46:29,935] multiqc.modules.base_module                        [DEBUG  ]  fastqc/zip - Skipping './fastqc/raw/SNI_Sal_1_1_fastqc.zip' as it didn't match the path_filters for 'FastQC (trimmed)'
[2024-08-15 09:46:29,935] multiqc.modules.base_module                        [DEBUG  ]  fastqc/zip - Skipping './fastqc/raw/SNI_oxy_1_2_fastqc.zip' as it didn't match the path_filters for 'FastQC (trimmed)'
[2024-08-15 09:46:29,935] multiqc.modules.base_module                        [DEBUG  ]  fastqc/zip - Skipping './fastqc/raw/SNI_Sal_2_1_fastqc.zip' as it didn't match the path_filters for 'FastQC (trimmed)'
[2024-08-15 09:46:29,935] multiqc.modules.base_module                        [DEBUG  ]  fastqc/zip - Skipping './fastqc/raw/SNI_oxy_2_1_fastqc.zip' as it didn't match the path_filters for 'FastQC (trimmed)'
[2024-08-15 09:46:29,935] multiqc.modules.base_module                        [DEBUG  ]  fastqc/zip - Skipping './fastqc/raw/Sham_Sal_4_1_fastqc.zip' as it didn't match the path_filters for 'FastQC (trimmed)'
[2024-08-15 09:46:29,936] multiqc.modules.base_module                        [DEBUG  ]  fastqc/zip - Skipping './fastqc/raw/Sham_Sal_3_1_fastqc.zip' as it didn't match the path_filters for 'FastQC (trimmed)'
[2024-08-15 09:46:29,936] multiqc.modules.base_module                        [DEBUG  ]  fastqc/zip - Skipping './fastqc/raw/SNI_oxy_3_1_fastqc.zip' as it didn't match the path_filters for 'FastQC (trimmed)'
[2024-08-15 09:46:29,936] multiqc.modules.base_module                        [DEBUG  ]  fastqc/zip - Skipping './fastqc/raw/Sham_oxy_3_2_fastqc.zip' as it didn't match the path_filters for 'FastQC (trimmed)'
[2024-08-15 09:46:29,936] multiqc.modules.base_module                        [DEBUG  ]  fastqc/zip - Skipping './fastqc/raw/Sham_oxy_2_2_fastqc.zip' as it didn't match the path_filters for 'FastQC (trimmed)'
[2024-08-15 09:46:29,936] multiqc.modules.base_module                        [DEBUG  ]  fastqc/zip - Skipping './fastqc/raw/SNI_oxy_1_1_fastqc.zip' as it didn't match the path_filters for 'FastQC (trimmed)'
[2024-08-15 09:46:29,936] multiqc.modules.base_module                        [DEBUG  ]  fastqc/zip - Skipping './fastqc/raw/Sham_Sal_3_2_fastqc.zip' as it didn't match the path_filters for 'FastQC (trimmed)'
[2024-08-15 09:46:29,936] multiqc.modules.base_module                        [DEBUG  ]  fastqc/zip - Skipping './fastqc/raw/Sham_Sal_1_2_fastqc.zip' as it didn't match the path_filters for 'FastQC (trimmed)'
[2024-08-15 09:46:29,936] multiqc.modules.base_module                        [DEBUG  ]  fastqc/zip - Skipping './fastqc/raw/SNI_oxy_3_2_fastqc.zip' as it didn't match the path_filters for 'FastQC (trimmed)'
[2024-08-15 09:46:29,936] multiqc.modules.base_module                        [DEBUG  ]  fastqc/zip - Skipping './fastqc/raw/Sham_Sal_1_1_fastqc.zip' as it didn't match the path_filters for 'FastQC (trimmed)'
[2024-08-15 09:46:29,936] multiqc.modules.base_module                        [DEBUG  ]  fastqc/zip - Skipping './fastqc/raw/Sham_Sal_2_1_fastqc.zip' as it didn't match the path_filters for 'FastQC (trimmed)'
[2024-08-15 09:46:29,936] multiqc.modules.base_module                        [DEBUG  ]  fastqc/zip - Skipping './fastqc/raw/SNI_Sal_3_1_fastqc.zip' as it didn't match the path_filters for 'FastQC (trimmed)'
[2024-08-15 09:46:29,936] multiqc.modules.base_module                        [DEBUG  ]  fastqc/zip - Skipping './fastqc/raw/Sham_Sal_4_2_fastqc.zip' as it didn't match the path_filters for 'FastQC (trimmed)'
[2024-08-15 09:46:29,936] multiqc.modules.base_module                        [DEBUG  ]  fastqc/zip - Skipping './fastqc/raw/SNI_Sal_1_2_fastqc.zip' as it didn't match the path_filters for 'FastQC (trimmed)'
[2024-08-15 09:46:29,936] multiqc.modules.base_module                        [DEBUG  ]  fastqc/zip - Skipping './fastqc/raw/SNI_oxy_4_2_fastqc.zip' as it didn't match the path_filters for 'FastQC (trimmed)'
[2024-08-15 09:46:29,936] multiqc.modules.fastqc.fastqc                      [INFO   ]  Found 32 reports
[2024-08-15 09:46:36,265] multiqc.utils.software_versions                    [DEBUG  ]  Reading software versions from config.software_versions
[2024-08-15 09:46:36,265] multiqc                                            [DEBUG  ]  Reordering sections: anchor 'nf-core-rnaseq-methods-description' not found for module 'WARNING: Fail Strand Check'.
[2024-08-15 09:46:36,265] multiqc                                            [DEBUG  ]  Reordering sections: anchor 'software_versions' not found for module 'WARNING: Fail Strand Check'.
[2024-08-15 09:46:36,265] multiqc                                            [DEBUG  ]  Reordering sections: anchor 'nf-core-rnaseq-summary' not found for module 'WARNING: Fail Strand Check'.
[2024-08-15 09:46:36,265] multiqc                                            [DEBUG  ]  Reordering sections: anchor 'nf-core-rnaseq-methods-description' not found for module 'DupRadar'.
[2024-08-15 09:46:36,265] multiqc                                            [DEBUG  ]  Reordering sections: anchor 'software_versions' not found for module 'DupRadar'.
[2024-08-15 09:46:36,265] multiqc                                            [DEBUG  ]  Reordering sections: anchor 'nf-core-rnaseq-summary' not found for module 'DupRadar'.
[2024-08-15 09:46:36,265] multiqc                                            [DEBUG  ]  Reordering sections: anchor 'nf-core-rnaseq-methods-description' not found for module 'Biotype Counts'.
[2024-08-15 09:46:36,265] multiqc                                            [DEBUG  ]  Reordering sections: anchor 'software_versions' not found for module 'Biotype Counts'.
[2024-08-15 09:46:36,265] multiqc                                            [DEBUG  ]  Reordering sections: anchor 'nf-core-rnaseq-summary' not found for module 'Biotype Counts'.
[2024-08-15 09:46:36,265] multiqc                                            [DEBUG  ]  Reordering sections: anchor 'nf-core-rnaseq-methods-description' not found for module 'STAR_SALMON DESeq2 sample similarity'.
[2024-08-15 09:46:36,265] multiqc                                            [DEBUG  ]  Reordering sections: anchor 'software_versions' not found for module 'STAR_SALMON DESeq2 sample similarity'.
[2024-08-15 09:46:36,265] multiqc                                            [DEBUG  ]  Reordering sections: anchor 'nf-core-rnaseq-summary' not found for module 'STAR_SALMON DESeq2 sample similarity'.
[2024-08-15 09:46:36,265] multiqc                                            [DEBUG  ]  Reordering sections: anchor 'nf-core-rnaseq-methods-description' not found for module 'STAR_SALMON DESeq2 PCA plot'.
[2024-08-15 09:46:36,265] multiqc                                            [DEBUG  ]  Reordering sections: anchor 'software_versions' not found for module 'STAR_SALMON DESeq2 PCA plot'.
[2024-08-15 09:46:36,265] multiqc                                            [DEBUG  ]  Reordering sections: anchor 'nf-core-rnaseq-summary' not found for module 'STAR_SALMON DESeq2 PCA plot'.
[2024-08-15 09:46:36,265] multiqc                                            [DEBUG  ]  Reordering sections: anchor 'nf-core-rnaseq-methods-description' not found for module 'Picard'.
[2024-08-15 09:46:36,265] multiqc                                            [DEBUG  ]  Reordering sections: anchor 'software_versions' not found for module 'Picard'.
[2024-08-15 09:46:36,265] multiqc                                            [DEBUG  ]  Reordering sections: anchor 'nf-core-rnaseq-summary' not found for module 'Picard'.
[2024-08-15 09:46:36,265] multiqc                                            [DEBUG  ]  Reordering sections: anchor 'nf-core-rnaseq-methods-description' not found for module 'QualiMap'.
[2024-08-15 09:46:36,265] multiqc                                            [DEBUG  ]  Reordering sections: anchor 'software_versions' not found for module 'QualiMap'.
[2024-08-15 09:46:36,265] multiqc                                            [DEBUG  ]  Reordering sections: anchor 'nf-core-rnaseq-summary' not found for module 'QualiMap'.
[2024-08-15 09:46:36,265] multiqc                                            [DEBUG  ]  Reordering sections: anchor 'nf-core-rnaseq-methods-description' not found for module 'RSeQC'.
[2024-08-15 09:46:36,266] multiqc                                            [DEBUG  ]  Reordering sections: anchor 'software_versions' not found for module 'RSeQC'.
[2024-08-15 09:46:36,266] multiqc                                            [DEBUG  ]  Reordering sections: anchor 'nf-core-rnaseq-summary' not found for module 'RSeQC'.
[2024-08-15 09:46:36,266] multiqc                                            [DEBUG  ]  Reordering sections: anchor 'nf-core-rnaseq-methods-description' not found for module 'Samtools'.
[2024-08-15 09:46:36,266] multiqc                                            [DEBUG  ]  Reordering sections: anchor 'software_versions' not found for module 'Samtools'.
[2024-08-15 09:46:36,266] multiqc                                            [DEBUG  ]  Reordering sections: anchor 'nf-core-rnaseq-summary' not found for module 'Samtools'.
[2024-08-15 09:46:36,266] multiqc                                            [DEBUG  ]  Reordering sections: anchor 'nf-core-rnaseq-methods-description' not found for module 'STAR'.
[2024-08-15 09:46:36,266] multiqc                                            [DEBUG  ]  Reordering sections: anchor 'software_versions' not found for module 'STAR'.
[2024-08-15 09:46:36,266] multiqc                                            [DEBUG  ]  Reordering sections: anchor 'nf-core-rnaseq-summary' not found for module 'STAR'.
[2024-08-15 09:46:36,266] multiqc                                            [DEBUG  ]  Reordering sections: anchor 'nf-core-rnaseq-methods-description' not found for module 'FastQC (raw)'.
[2024-08-15 09:46:36,266] multiqc                                            [DEBUG  ]  Reordering sections: anchor 'software_versions' not found for module 'FastQC (raw)'.
[2024-08-15 09:46:36,266] multiqc                                            [DEBUG  ]  Reordering sections: anchor 'nf-core-rnaseq-summary' not found for module 'FastQC (raw)'.
[2024-08-15 09:46:36,266] multiqc                                            [DEBUG  ]  Reordering sections: anchor 'nf-core-rnaseq-methods-description' not found for module 'Cutadapt'.
[2024-08-15 09:46:36,266] multiqc                                            [DEBUG  ]  Reordering sections: anchor 'software_versions' not found for module 'Cutadapt'.
[2024-08-15 09:46:36,266] multiqc                                            [DEBUG  ]  Reordering sections: anchor 'nf-core-rnaseq-summary' not found for module 'Cutadapt'.
[2024-08-15 09:46:36,266] multiqc                                            [DEBUG  ]  Reordering sections: anchor 'nf-core-rnaseq-methods-description' not found for module 'FastQC (trimmed)'.
[2024-08-15 09:46:36,266] multiqc                                            [DEBUG  ]  Reordering sections: anchor 'software_versions' not found for module 'FastQC (trimmed)'.
[2024-08-15 09:46:36,266] multiqc                                            [DEBUG  ]  Reordering sections: anchor 'nf-core-rnaseq-summary' not found for module 'FastQC (trimmed)'.
[2024-08-15 09:46:36,266] multiqc                                            [DEBUG  ]  Reordering sections: anchor 'nf-core-rnaseq-methods-description' not found for module 'nf-core/rnaseq Methods Description'.
[2024-08-15 09:46:36,266] multiqc                                            [DEBUG  ]  Reordering sections: anchor 'software_versions' not found for module 'nf-core/rnaseq Methods Description'.
[2024-08-15 09:46:36,266] multiqc                                            [DEBUG  ]  Reordering sections: anchor 'nf-core-rnaseq-summary' not found for module 'nf-core/rnaseq Methods Description'.
[2024-08-15 09:46:36,266] multiqc                                            [DEBUG  ]  Reordering sections: anchor 'nf-core-rnaseq-methods-description' not found for module 'nf-core/rnaseq Software Versions'.
[2024-08-15 09:46:36,266] multiqc                                            [DEBUG  ]  Reordering sections: anchor 'software_versions' not found for module 'nf-core/rnaseq Software Versions'.
[2024-08-15 09:46:36,266] multiqc                                            [DEBUG  ]  Reordering sections: anchor 'nf-core-rnaseq-summary' not found for module 'nf-core/rnaseq Software Versions'.
[2024-08-15 09:46:36,266] multiqc                                            [DEBUG  ]  Reordering sections: anchor 'nf-core-rnaseq-methods-description' not found for module 'nf-core/rnaseq Workflow Summary'.
[2024-08-15 09:46:36,266] multiqc                                            [DEBUG  ]  Reordering sections: anchor 'software_versions' not found for module 'nf-core/rnaseq Workflow Summary'.
[2024-08-15 09:46:36,266] multiqc                                            [DEBUG  ]  Reordering sections: anchor 'nf-core-rnaseq-summary' not found for module 'nf-core/rnaseq Workflow Summary'.
[2024-08-15 09:46:36,331] multiqc                                            [DEBUG  ]  Compressing plot data
[2024-08-15 09:46:38,049] multiqc                                            [INFO   ]  Report      : multiqc_report.html
[2024-08-15 09:46:38,049] multiqc                                            [INFO   ]  Data        : multiqc_report_data
[2024-08-15 09:46:38,049] multiqc                                            [DEBUG  ]  Moving data file from '/scratch/12109805/tmp0oq2akq0/multiqc_data' to '/scratch/12109805/nxf.HgsSArNZRN/multiqc_report_data'
[2024-08-15 09:46:38,059] multiqc                                            [DEBUG  ]  Full report path: /scratch/12109805/nxf.HgsSArNZRN/multiqc_report.html
[2024-08-15 09:46:38,059] multiqc                                            [INFO   ]  Plots       : multiqc_report_plots
[2024-08-15 09:46:38,059] multiqc                                            [DEBUG  ]  Moving plots directory from '/scratch/12109805/tmp0oq2akq0/multiqc_plots' to '/scratch/12109805/nxf.HgsSArNZRN/multiqc_report_plots'
[2024-08-15 09:46:38,218] multiqc                                            [INFO   ]  MultiQC complete
